Action.c(73): Denver
Action.c(74): 04/03/2021
Action.c(75): Sydney
Action.c(76): 04/07/2021
Action.c(77): None
Action.c(78): First
Action.c(128): Kent
Action.c(129): Rot
Action.c(73): Denver
Action.c(74): 04/03/2021
Action.c(75): Sydney
Action.c(76): 04/07/2021
Action.c(77): Aisle
Action.c(78): Bussiness
Action.c(128): Vlad
Action.c(129): Bob
Action.c(73): London
Action.c(74): 04/03/2021
Action.c(75): Sydney
Action.c(76): 04/07/2021
Action.c(77): None
Action.c(78): First
Action.c(128): Andrei
Action.c(129): Pop
Action.c(73): Denver
Action.c(74): 04/03/2021
Action.c(75): Seattle
Action.c(76): 04/07/2021
Action.c(77): None
Action.c(78): First
Action.c(128): Andrei
Action.c(129): Bob
Action.c(73): Paris
Action.c(74): 04/03/2021
Action.c(75): Sydney
Action.c(76): 04/07/2021
Action.c(77): Aisle
Action.c(78): First
Action.c(128): Kent
Action.c(129): Pop
Action.c(73): London
Action.c(74): 04/03/2021
Action.c(75): Portland
Action.c(76): 04/07/2021
Action.c(77): Aisle
Action.c(78): First
Action.c(128): Andrei
Action.c(129): Pop
Action.c(73): London
Action.c(74): 04/03/2021
Action.c(75): Portland
Action.c(76): 04/07/2021
Action.c(77): None
Action.c(78): Coach
Action.c(128): Kent
Action.c(129): Pop
